<?xml version="1.0" encoding="UTF-8"?>
<!-- Generated by org.testng.reporters.JUnitReportReporter -->
<testsuite hostname="ILAB-DC" failures="0" tests="1" name="testcases.AddTwoNumbers" time="2.334" errors="0" timestamp="2022-07-15T13:10:41 SAST" skipped="0">
  <testcase classname="testcases.AddTwoNumbers" name="AddTwoNumber" time="2.334"/>
  <system-out/>
</testsuite> <!-- testcases.AddTwoNumbers -->
