<?xml version="1.0" encoding="UTF-8"?>
<!-- Generated by org.testng.reporters.JUnitReportReporter -->
<testsuite hostname="ILAB-DC" failures="0" tests="1" name="testcases.Divide" time="2.336" errors="0" timestamp="2022-07-15T13:24:29 SAST" skipped="0">
  <testcase classname="testcases.Divide" name="DivideTwoNumbers" time="2.336"/>
  <system-out/>
</testsuite> <!-- testcases.Divide -->
