<?xml version="1.0" encoding="UTF-8"?>
<!-- Generated by org.testng.reporters.JUnitReportReporter -->
<testsuite hostname="ILAB-DC" failures="0" tests="1" name="testcases.SubtractSmallNumberByLArgeNumber" time="2.269" errors="0" timestamp="2022-07-15T13:26:12 SAST" skipped="0">
  <testcase classname="testcases.SubtractSmallNumberByLArgeNumber" name="DivideTwoNumbers" time="2.269"/>
  <system-out/>
</testsuite> <!-- testcases.SubtractSmallNumberByLArgeNumber -->
