<?xml version="1.0" encoding="UTF-8"?>
<!-- Generated by org.testng.reporters.JUnitReportReporter -->
<testsuite hostname="ILAB-DC" failures="0" tests="1" name="testcases.Multiply" time="2.320" errors="0" timestamp="2022-07-15T13:20:44 SAST" skipped="0">
  <testcase classname="testcases.Multiply" name="MultiplyTwoNumbers" time="2.320"/>
  <system-out/>
</testsuite> <!-- testcases.Multiply -->
