<?xml version="1.0" encoding="UTF-8"?>
<!-- Generated by org.testng.reporters.JUnitReportReporter -->
<testsuite hostname="ILAB-DC" failures="0" tests="1" name="testcases.Subtraction" time="2.283" errors="0" timestamp="2022-07-15T13:17:52 SAST" skipped="0">
  <testcase classname="testcases.Subtraction" name="Subtract" time="2.283"/>
  <system-out/>
</testsuite> <!-- testcases.Subtraction -->
